MainForm=False
ScreenPPI=120
Screen.PixelsPerInch=96
Screen.Fonts.Count=341
MainForm=True
ScreenPPI=120
Screen.PixelsPerInch=96
Screen.Fonts.Count=341
MainForm=True
ScreenPPI=120
Screen.PixelsPerInch=96
Screen.Fonts.Count=341
MainForm=True
ScreenPPI=120
Screen.PixelsPerInch=96
Screen.Fonts.Count=341
MainForm=True
ScreenPPI=120
Screen.PixelsPerInch=96
Screen.Fonts.Count=341
MainForm=True
ScreenPPI=120
Screen.PixelsPerInch=96
Screen.Fonts.Count=341
MainForm=True
ScreenPPI=120
Screen.PixelsPerInch=96
Screen.Fonts.Count=341
MainForm=True
ScreenPPI=120
Screen.PixelsPerInch=96
Screen.Fonts.Count=341
MainForm=True
ScreenPPI=120
Screen.PixelsPerInch=96
Screen.Fonts.Count=341
